c:\users\abdelrahhman zahran\source\repos\sadgui\sadgui\x64\release\vc142.pdb
c:\users\abdelrahhman zahran\source\repos\sadgui\sadgui\x64\release\actor.obj
c:\users\abdelrahhman zahran\source\repos\sadgui\sadgui\x64\release\gridshadingmanager.obj
c:\users\abdelrahhman zahran\source\repos\sadgui\sadgui\x64\release\cameramanager.obj
c:\users\abdelrahhman zahran\source\repos\sadgui\sadgui\x64\release\resourcemanager.obj
c:\users\abdelrahhman zahran\source\repos\sadgui\sadgui\x64\release\renderconfig.obj
c:\users\abdelrahhman zahran\source\repos\sadgui\sadgui\x64\release\environmentmanager.obj
c:\users\abdelrahhman zahran\source\repos\sadgui\sadgui\x64\release\filemanager.obj
c:\users\abdelrahhman zahran\source\repos\sadgui\sadgui\x64\release\misc.obj
c:\users\abdelrahhman zahran\source\repos\sadgui\sadgui\x64\release\hotkeys.obj
c:\users\abdelrahhman zahran\source\repos\sadgui\sadgui\x64\release\entitymanager.obj
c:\users\abdelrahhman zahran\source\repos\sadgui\sadgui\x64\release\imgui_widgets.obj
c:\users\abdelrahhman zahran\source\repos\sadgui\sadgui\x64\release\imgui_tables.obj
c:\users\abdelrahhman zahran\source\repos\sadgui\sadgui\x64\release\imgui_impl_win32.obj
c:\users\abdelrahhman zahran\source\repos\sadgui\sadgui\x64\release\imgui_impl_dx11.obj
c:\users\abdelrahhman zahran\source\repos\sadgui\sadgui\x64\release\imgui_draw.obj
c:\users\abdelrahhman zahran\source\repos\sadgui\sadgui\x64\release\imgui_demo.obj
c:\users\abdelrahhman zahran\source\repos\sadgui\sadgui\x64\release\imgui.obj
c:\users\abdelrahhman zahran\source\repos\sadgui\sadgui\x64\release\dllmain.obj
c:\users\abdelrahhman zahran\source\repos\sadgui\sadgui\x64\release\databases.obj
c:\users\abdelrahhman zahran\source\repos\sadgui\sadgui\x64\release\cinematiclightingmanager.obj
c:\users\abdelrahhman zahran\source\repos\sadgui\sadgui\x64\release\userconfig.obj
c:\users\abdelrahhman zahran\source\repos\sadgui\sadgui\x64\release\slidelockevent.obj
c:\users\abdelrahhman zahran\source\repos\sadgui\sadgui\x64\release\slideanimations.obj
c:\users\abdelrahhman zahran\source\repos\sadgui\sadgui\x64\release\player.obj
c:\users\abdelrahhman zahran\source\repos\sadgui\sadgui\x64\release\cameratoolmonitor.obj
c:\users\abdelrahhman zahran\source\repos\sadgui\sadgui\x64\release\sadgui.obj
c:\users\abdelrahhman zahran\source\repos\sadgui\sadgui\x64\release\main.obj
c:\users\abdelrahhman zahran\source\repos\sadgui\sadgui\x64\release\dxhook.obj
c:\users\abdelrahhman zahran\source\repos\sadgui\sadgui\x64\release\cinematiclight.obj
c:\users\abdelrahhman zahran\source\repos\sadgui\sadgui\x64\release\offsets.obj
c:\users\abdelrahhman zahran\source\repos\sadgui\sadgui\x64\release\trampoline.obj
c:\users\abdelrahhman zahran\source\repos\sadgui\sadgui\x64\release\hook.obj
c:\users\abdelrahhman zahran\source\repos\sadgui\sadgui\x64\release\hde64.obj
c:\users\abdelrahhman zahran\source\repos\sadgui\sadgui\x64\release\hde32.obj
c:\users\abdelrahhman zahran\source\repos\sadgui\sadgui\x64\release\buffer.obj
c:\watch_dogs\bin\sadgui.dll
c:\watch_dogs\bin\sadgui.pdb
c:\watch_dogs\bin\sadgui.ipdb
c:\watch_dogs\bin\sadgui.iobj
c:\users\abdelrahhman zahran\source\repos\sadgui\sadgui\..\..\..\..\..\..\watch_dogs\bin\sadgui.dll
c:\users\abdelrahhman zahran\source\repos\sadgui\sadgui\x64\release\sadgui.tlog\cl.command.1.tlog
c:\users\abdelrahhman zahran\source\repos\sadgui\sadgui\x64\release\sadgui.tlog\cl.read.1.tlog
c:\users\abdelrahhman zahran\source\repos\sadgui\sadgui\x64\release\sadgui.tlog\cl.write.1.tlog
c:\users\abdelrahhman zahran\source\repos\sadgui\sadgui\x64\release\sadgui.tlog\link.command.1.tlog
c:\users\abdelrahhman zahran\source\repos\sadgui\sadgui\x64\release\sadgui.tlog\link.read.1.tlog
c:\users\abdelrahhman zahran\source\repos\sadgui\sadgui\x64\release\sadgui.tlog\link.write.1.tlog
c:\users\abdelrahhman zahran\source\repos\sadgui\sadgui\x64\release\sadgui.tlog\sadgui.write.1u.tlog
